# JRE version: OpenJDK Runtime Environment (8.0) (build 1.8.0-internal-fastdebug-_2018_01_23_08_26-b00)
# Java VM: OpenJDK 64-Bit Server VM (25.71-b00-fastdebug mixed mode windows-amd64 compressed oops)
Heap:
 PSYoungGen      total 232448K, used 54437K [0x00000000eab00000, 0x00000000fa080000, 0x0000000100000000)
  eden space 226816K, 21% used [0x00000000eab00000,0x00000000edaab990,0x00000000f8880000)
  from space 5632K, 99% used [0x00000000f9300000,0x00000000f987de30,0x00000000f9880000)
  to   space 10752K, 0% used [0x00000000f8880000,0x00000000f8880000,0x00000000f9300000)
 ParOldGen       total 60928K, used 21896K [0x00000000c0000000, 0x00000000c3b80000, 0x00000000eab00000)
  object space 60928K, 35% used [0x00000000c0000000,0x00000000c1562048,0x00000000c3b80000)
 Metaspace       used 55982K, capacity 58814K, committed 59008K, reserved 1101824K
  class space    used 6740K, capacity 7232K, committed 7296K, reserved 1048576K
GC Heap History (10 events):
Event: 14.932 GC heap before
{Heap before GC invocations=12 (full 1):
 PSYoungGen      total 161280K, used 161253K [0x00000000eab00000, 0x00000000f8000000, 0x0000000100000000)
  eden space 157184K, 100% used [0x00000000eab00000,0x00000000f4480000,0x00000000f4480000)
  from space 4096K, 99% used [0x00000000f7c00000,0x00000000f7ff97b0,0x00000000f8000000)
  to   space 4608K, 0% used [0x00000000f7700000,0x00000000f7700000,0x00000000f7b80000)
 ParOldGen       total 35328K, used 6605K [0x00000000c0000000, 0x00000000c2280000, 0x00000000eab00000)
  object space 35328K, 18% used [0x00000000c0000000,0x00000000c06734c0,0x00000000c2280000)
 Metaspace       used 28957K, capacity 30278K, committed 30592K, reserved 1077248K
  class space    used 3373K, capacity 3643K, committed 3712K, reserved 1048576K
Event: 14.970 GC heap after
Heap after GC invocations=12 (full 1):
 PSYoungGen      total 188928K, used 4011K [0x00000000eab00000, 0x00000000f7c80000, 0x0000000100000000)
  eden space 184832K, 0% used [0x00000000eab00000,0x00000000eab00000,0x00000000f5f80000)
  from space 4096K, 97% used [0x00000000f7700000,0x00000000f7aeac40,0x00000000f7b00000)
  to   space 1536K, 0% used [0x00000000f7b00000,0x00000000f7b00000,0x00000000f7c80000)
 ParOldGen       total 35328K, used 7558K [0x00000000c0000000, 0x00000000c2280000, 0x00000000eab00000)
  object space 35328K, 21% used [0x00000000c0000000,0x00000000c0761950,0x00000000c2280000)
 Metaspace       used 28957K, capacity 30278K, committed 30592K, reserved 1077248K
  class space    used 3373K, capacity 3643K, committed 3712K, reserved 1048576K
}
Event: 18.511 GC heap before
{Heap before GC invocations=13 (full 1):
 PSYoungGen      total 188928K, used 127717K [0x00000000eab00000, 0x00000000f7c80000, 0x0000000100000000)
  eden space 184832K, 66% used [0x00000000eab00000,0x00000000f23ce910,0x00000000f5f80000)
  from space 4096K, 97% used [0x00000000f7700000,0x00000000f7aeac40,0x00000000f7b00000)
  to   space 1536K, 0% used [0x00000000f7b00000,0x00000000f7b00000,0x00000000f7c80000)
 ParOldGen       total 35328K, used 7558K [0x00000000c0000000, 0x00000000c2280000, 0x00000000eab00000)
  object space 35328K, 21% used [0x00000000c0000000,0x00000000c0761950,0x00000000c2280000)
 Metaspace       used 33965K, capacity 35216K, committed 35416K, reserved 1081344K
  class space    used 4016K, capacity 4298K, committed 4352K, reserved 1048576K
Event: 18.552 GC heap after
Heap after GC invocations=13 (full 1):
 PSYoungGen      total 209408K, used 1524K [0x00000000eab00000, 0x00000000f8580000, 0x0000000100000000)
  eden space 207872K, 0% used [0x00000000eab00000,0x00000000eab00000,0x00000000f7600000)
  from space 1536K, 99% used [0x00000000f7b00000,0x00000000f7c7d030,0x00000000f7c80000)
  to   space 5120K, 0% used [0x00000000f7600000,0x00000000f7600000,0x00000000f7b00000)
 ParOldGen       total 35328K, used 9843K [0x00000000c0000000, 0x00000000c2280000, 0x00000000eab00000)
  object space 35328K, 27% used [0x00000000c0000000,0x00000000c099ccc8,0x00000000c2280000)
 Metaspace       used 33965K, capacity 35216K, committed 35416K, reserved 1081344K
  class space    used 4016K, capacity 4298K, committed 4352K, reserved 1048576K
}
Event: 18.552 GC heap before
{Heap before GC invocations=14 (full 2):
 PSYoungGen      total 209408K, used 1524K [0x00000000eab00000, 0x00000000f8580000, 0x0000000100000000)
  eden space 207872K, 0% used [0x00000000eab00000,0x00000000eab00000,0x00000000f7600000)
  from space 1536K, 99% used [0x00000000f7b00000,0x00000000f7c7d030,0x00000000f7c80000)
  to   space 5120K, 0% used [0x00000000f7600000,0x00000000f7600000,0x00000000f7b00000)
 ParOldGen       total 35328K, used 9843K [0x00000000c0000000, 0x00000000c2280000, 0x00000000eab00000)
  object space 35328K, 27% used [0x00000000c0000000,0x00000000c099ccc8,0x00000000c2280000)
 Metaspace       used 33965K, capacity 35216K, committed 35416K, reserved 1081344K
  class space    used 4016K, capacity 4298K, committed 4352K, reserved 1048576K
Event: 19.017 GC heap after
Heap after GC invocations=14 (full 2):
 PSYoungGen      total 209408K, used 0K [0x00000000eab00000, 0x00000000f8580000, 0x0000000100000000)
  eden space 207872K, 0% used [0x00000000eab00000,0x00000000eab00000,0x00000000f7600000)
  from space 1536K, 0% used [0x00000000f7b00000,0x00000000f7b00000,0x00000000f7c80000)
  to   space 5120K, 0% used [0x00000000f7600000,0x00000000f7600000,0x00000000f7b00000)
 ParOldGen       total 60928K, used 9927K [0x00000000c0000000, 0x00000000c3b80000, 0x00000000eab00000)
  object space 60928K, 16% used [0x00000000c0000000,0x00000000c09b1eb8,0x00000000c3b80000)
 Metaspace       used 33965K, capacity 35216K, committed 35416K, reserved 1081344K
  class space    used 4016K, capacity 4298K, committed 4352K, reserved 1048576K
}
Event: 25.364 GC heap before
{Heap before GC invocations=15 (full 2):
 PSYoungGen      total 209408K, used 207872K [0x00000000eab00000, 0x00000000f8580000, 0x0000000100000000)
  eden space 207872K, 100% used [0x00000000eab00000,0x00000000f7600000,0x00000000f7600000)
  from space 1536K, 0% used [0x00000000f7b00000,0x00000000f7b00000,0x00000000f7c80000)
  to   space 5120K, 0% used [0x00000000f7600000,0x00000000f7600000,0x00000000f7b00000)
 ParOldGen       total 60928K, used 9927K [0x00000000c0000000, 0x00000000c3b80000, 0x00000000eab00000)
  object space 60928K, 16% used [0x00000000c0000000,0x00000000c09b1eb8,0x00000000c3b80000)
 Metaspace       used 42737K, capacity 44564K, committed 44800K, reserved 1089536K
  class space    used 5212K, capacity 5583K, committed 5632K, reserved 1048576K
Event: 25.425 GC heap after
Heap after GC invocations=15 (full 2):
 PSYoungGen      total 212992K, used 5104K [0x00000000eab00000, 0x00000000f9880000, 0x0000000100000000)
  eden space 207872K, 0% used [0x00000000eab00000,0x00000000eab00000,0x00000000f7600000)
  from space 5120K, 99% used [0x00000000f7600000,0x00000000f7afc390,0x00000000f7b00000)
  to   space 5632K, 0% used [0x00000000f9300000,0x00000000f9300000,0x00000000f9880000)
 ParOldGen       total 60928K, used 10690K [0x00000000c0000000, 0x00000000c3b80000, 0x00000000eab00000)
  object space 60928K, 17% used [0x00000000c0000000,0x00000000c0a70ae0,0x00000000c3b80000)
 Metaspace       used 42737K, capacity 44564K, committed 44800K, reserved 1089536K
  class space    used 5212K, capacity 5583K, committed 5632K, reserved 1048576K
}
Event: 34.697 GC heap before
{Heap before GC invocations=16 (full 2):
 PSYoungGen      total 212992K, used 212976K [0x00000000eab00000, 0x00000000f9880000, 0x0000000100000000)
  eden space 207872K, 100% used [0x00000000eab00000,0x00000000f7600000,0x00000000f7600000)
  from space 5120K, 99% used [0x00000000f7600000,0x00000000f7afc390,0x00000000f7b00000)
  to   space 5632K, 0% used [0x00000000f9300000,0x00000000f9300000,0x00000000f9880000)
 ParOldGen       total 60928K, used 10690K [0x00000000c0000000, 0x00000000c3b80000, 0x00000000eab00000)
  object space 60928K, 17% used [0x00000000c0000000,0x00000000c0a70ae0,0x00000000c3b80000)
 Metaspace       used 53452K, capacity 55962K, committed 56192K, reserved 1097728K
  class space    used 6467K, capacity 6930K, committed 7040K, reserved 1048576K
Event: 34.776 GC heap after
Heap after GC invocations=16 (full 2):
 PSYoungGen      total 232448K, used 5623K [0x00000000eab00000, 0x00000000fa080000, 0x0000000100000000)
  eden space 226816K, 0% used [0x00000000eab00000,0x00000000eab00000,0x00000000f8880000)
  from space 5632K, 99% used [0x00000000f9300000,0x00000000f987de30,0x00000000f9880000)
  to   space 10752K, 0% used [0x00000000f8880000,0x00000000f8880000,0x00000000f9300000)
 ParOldGen       total 60928K, used 21896K [0x00000000c0000000, 0x00000000c3b80000, 0x00000000eab00000)
  object space 60928K, 35% used [0x00000000c0000000,0x00000000c1562048,0x00000000c3b80000)
 Metaspace       used 53452K, capacity 55962K, committed 56192K, reserved 1097728K
  class space    used 6467K, capacity 6930K, committed 7040K, reserved 1048576K
}

