# JRE version: OpenJDK Runtime Environment (8.0) (build 1.8.0-internal-fastdebug-_2018_01_23_13_40-b00)
# Java VM: OpenJDK 64-Bit Server VM (25.71-b00-fastdebug mixed mode windows-amd64 compressed oops)
Heap:
 PSYoungGen      total 241152K, used 29810K [0x00000000eab00000, 0x00000000faa80000, 0x0000000100000000)
  eden space 235008K, 10% used [0x00000000eab00000,0x00000000ec21dd88,0x00000000f9080000)
  from space 6144K, 99% used [0x00000000f9c00000,0x00000000fa1fed98,0x00000000fa200000)
  to   space 11776K, 0% used [0x00000000f9080000,0x00000000f9080000,0x00000000f9c00000)
 ParOldGen       total 53760K, used 22758K [0x00000000c0000000, 0x00000000c3480000, 0x00000000eab00000)
  object space 53760K, 42% used [0x00000000c0000000,0x00000000c1639878,0x00000000c3480000)
 Metaspace       used 54377K, capacity 57202K, committed 57344K, reserved 1099776K
  class space    used 6615K, capacity 7102K, committed 7168K, reserved 1048576K
GC Heap History (10 events):
Event: 14.982 GC heap before
{Heap before GC invocations=12 (full 1):
 PSYoungGen      total 170496K, used 170485K [0x00000000eab00000, 0x00000000f7f80000, 0x0000000100000000)
  eden space 165888K, 100% used [0x00000000eab00000,0x00000000f4d00000,0x00000000f4d00000)
  from space 4608K, 99% used [0x00000000f7b00000,0x00000000f7f7d4a0,0x00000000f7f80000)
  to   space 5120K, 0% used [0x00000000f7580000,0x00000000f7580000,0x00000000f7a80000)
 ParOldGen       total 32768K, used 6296K [0x00000000c0000000, 0x00000000c2000000, 0x00000000eab00000)
  object space 32768K, 19% used [0x00000000c0000000,0x00000000c0626160,0x00000000c2000000)
 Metaspace       used 29349K, capacity 30638K, committed 30848K, reserved 1077248K
  class space    used 3431K, capacity 3675K, committed 3712K, reserved 1048576K
Event: 15.020 GC heap after
Heap after GC invocations=12 (full 1):
 PSYoungGen      total 211456K, used 5097K [0x00000000eab00000, 0x00000000f7f80000, 0x0000000100000000)
  eden space 206336K, 0% used [0x00000000eab00000,0x00000000eab00000,0x00000000f7480000)
  from space 5120K, 99% used [0x00000000f7580000,0x00000000f7a7a5a8,0x00000000f7a80000)
  to   space 5120K, 0% used [0x00000000f7a80000,0x00000000f7a80000,0x00000000f7f80000)
 ParOldGen       total 32768K, used 6623K [0x00000000c0000000, 0x00000000c2000000, 0x00000000eab00000)
  object space 32768K, 20% used [0x00000000c0000000,0x00000000c0677c68,0x00000000c2000000)
 Metaspace       used 29349K, capacity 30638K, committed 30848K, reserved 1077248K
  class space    used 3431K, capacity 3675K, committed 3712K, reserved 1048576K
}
Event: 18.110 GC heap before
{Heap before GC invocations=13 (full 1):
 PSYoungGen      total 211456K, used 116414K [0x00000000eab00000, 0x00000000f7f80000, 0x0000000100000000)
  eden space 206336K, 53% used [0x00000000eab00000,0x00000000f17b53e0,0x00000000f7480000)
  from space 5120K, 99% used [0x00000000f7580000,0x00000000f7a7a5a8,0x00000000f7a80000)
  to   space 5120K, 0% used [0x00000000f7a80000,0x00000000f7a80000,0x00000000f7f80000)
 ParOldGen       total 32768K, used 6623K [0x00000000c0000000, 0x00000000c2000000, 0x00000000eab00000)
  object space 32768K, 20% used [0x00000000c0000000,0x00000000c0677c68,0x00000000c2000000)
 Metaspace       used 33969K, capacity 35256K, committed 35416K, reserved 1081344K
  class space    used 4019K, capacity 4330K, committed 4352K, reserved 1048576K
Event: 18.162 GC heap after
Heap after GC invocations=13 (full 1):
 PSYoungGen      total 211968K, used 3611K [0x00000000eab00000, 0x00000000faa80000, 0x0000000100000000)
  eden space 206848K, 0% used [0x00000000eab00000,0x00000000eab00000,0x00000000f7500000)
  from space 5120K, 70% used [0x00000000f7a80000,0x00000000f7e06d00,0x00000000f7f80000)
  to   space 5632K, 0% used [0x00000000f7500000,0x00000000f7500000,0x00000000f7a80000)
 ParOldGen       total 32768K, used 7534K [0x00000000c0000000, 0x00000000c2000000, 0x00000000eab00000)
  object space 32768K, 22% used [0x00000000c0000000,0x00000000c075b8c8,0x00000000c2000000)
 Metaspace       used 33969K, capacity 35256K, committed 35416K, reserved 1081344K
  class space    used 4019K, capacity 4330K, committed 4352K, reserved 1048576K
}
Event: 18.162 GC heap before
{Heap before GC invocations=14 (full 2):
 PSYoungGen      total 211968K, used 3611K [0x00000000eab00000, 0x00000000faa80000, 0x0000000100000000)
  eden space 206848K, 0% used [0x00000000eab00000,0x00000000eab00000,0x00000000f7500000)
  from space 5120K, 70% used [0x00000000f7a80000,0x00000000f7e06d00,0x00000000f7f80000)
  to   space 5632K, 0% used [0x00000000f7500000,0x00000000f7500000,0x00000000f7a80000)
 ParOldGen       total 32768K, used 7534K [0x00000000c0000000, 0x00000000c2000000, 0x00000000eab00000)
  object space 32768K, 22% used [0x00000000c0000000,0x00000000c075b8c8,0x00000000c2000000)
 Metaspace       used 33969K, capacity 35256K, committed 35416K, reserved 1081344K
  class space    used 4019K, capacity 4330K, committed 4352K, reserved 1048576K
Event: 18.572 GC heap after
Heap after GC invocations=14 (full 2):
 PSYoungGen      total 211968K, used 0K [0x00000000eab00000, 0x00000000faa80000, 0x0000000100000000)
  eden space 206848K, 0% used [0x00000000eab00000,0x00000000eab00000,0x00000000f7500000)
  from space 5120K, 0% used [0x00000000f7a80000,0x00000000f7a80000,0x00000000f7f80000)
  to   space 5632K, 0% used [0x00000000f7500000,0x00000000f7500000,0x00000000f7a80000)
 ParOldGen       total 53760K, used 9688K [0x00000000c0000000, 0x00000000c3480000, 0x00000000eab00000)
  object space 53760K, 18% used [0x00000000c0000000,0x00000000c0976088,0x00000000c3480000)
 Metaspace       used 33969K, capacity 35256K, committed 35416K, reserved 1081344K
  class space    used 4019K, capacity 4330K, committed 4352K, reserved 1048576K
}
Event: 24.607 GC heap before
{Heap before GC invocations=15 (full 2):
 PSYoungGen      total 211968K, used 206848K [0x00000000eab00000, 0x00000000faa80000, 0x0000000100000000)
  eden space 206848K, 100% used [0x00000000eab00000,0x00000000f7500000,0x00000000f7500000)
  from space 5120K, 0% used [0x00000000f7a80000,0x00000000f7a80000,0x00000000f7f80000)
  to   space 5632K, 0% used [0x00000000f7500000,0x00000000f7500000,0x00000000f7a80000)
 ParOldGen       total 53760K, used 9688K [0x00000000c0000000, 0x00000000c3480000, 0x00000000eab00000)
  object space 53760K, 18% used [0x00000000c0000000,0x00000000c0976088,0x00000000c3480000)
 Metaspace       used 42774K, capacity 44700K, committed 44800K, reserved 1089536K
  class space    used 5210K, capacity 5583K, committed 5632K, reserved 1048576K
Event: 24.666 GC heap after
Heap after GC invocations=15 (full 2):
 PSYoungGen      total 212480K, used 5615K [0x00000000eab00000, 0x00000000fa200000, 0x0000000100000000)
  eden space 206848K, 0% used [0x00000000eab00000,0x00000000eab00000,0x00000000f7500000)
  from space 5632K, 99% used [0x00000000f7500000,0x00000000f7a7bd08,0x00000000f7a80000)
  to   space 6144K, 0% used [0x00000000f9c00000,0x00000000f9c00000,0x00000000fa200000)
 ParOldGen       total 53760K, used 9948K [0x00000000c0000000, 0x00000000c3480000, 0x00000000eab00000)
  object space 53760K, 18% used [0x00000000c0000000,0x00000000c09b7260,0x00000000c3480000)
 Metaspace       used 42774K, capacity 44700K, committed 44800K, reserved 1089536K
  class space    used 5210K, capacity 5583K, committed 5632K, reserved 1048576K
}
Event: 34.243 GC heap before
{Heap before GC invocations=16 (full 2):
 PSYoungGen      total 212480K, used 212463K [0x00000000eab00000, 0x00000000fa200000, 0x0000000100000000)
  eden space 206848K, 100% used [0x00000000eab00000,0x00000000f7500000,0x00000000f7500000)
  from space 5632K, 99% used [0x00000000f7500000,0x00000000f7a7bd08,0x00000000f7a80000)
  to   space 6144K, 0% used [0x00000000f9c00000,0x00000000f9c00000,0x00000000fa200000)
 ParOldGen       total 53760K, used 9948K [0x00000000c0000000, 0x00000000c3480000, 0x00000000eab00000)
  object space 53760K, 18% used [0x00000000c0000000,0x00000000c09b7260,0x00000000c3480000)
 Metaspace       used 53477K, capacity 56030K, committed 56192K, reserved 1097728K
  class space    used 6465K, capacity 6930K, committed 7040K, reserved 1048576K
Event: 34.360 GC heap after
Heap after GC invocations=16 (full 2):
 PSYoungGen      total 241152K, used 6139K [0x00000000eab00000, 0x00000000faa80000, 0x0000000100000000)
  eden space 235008K, 0% used [0x00000000eab00000,0x00000000eab00000,0x00000000f9080000)
  from space 6144K, 99% used [0x00000000f9c00000,0x00000000fa1fed98,0x00000000fa200000)
  to   space 11776K, 0% used [0x00000000f9080000,0x00000000f9080000,0x00000000f9c00000)
 ParOldGen       total 53760K, used 22758K [0x00000000c0000000, 0x00000000c3480000, 0x00000000eab00000)
  object space 53760K, 42% used [0x00000000c0000000,0x00000000c1639878,0x00000000c3480000)
 Metaspace       used 53477K, capacity 56030K, committed 56192K, reserved 1097728K
  class space    used 6465K, capacity 6930K, committed 7040K, reserved 1048576K
}

