# JRE version: OpenJDK Runtime Environment (8.0) (build 1.8.0-internal-fastdebug-_2018_01_23_13_40-b00)
# Java VM: OpenJDK 64-Bit Server VM (25.71-b00-fastdebug mixed mode windows-amd64 compressed oops)
Heap:
 PSYoungGen      total 209920K, used 32685K [0x00000000eab00000, 0x00000000fa300000, 0x0000000100000000)
  eden space 203264K, 13% used [0x00000000eab00000,0x00000000ec522c20,0x00000000f7180000)
  from space 6656K, 88% used [0x00000000f7180000,0x00000000f7748a00,0x00000000f7800000)
  to   space 7168K, 0% used [0x00000000f9c00000,0x00000000f9c00000,0x00000000fa300000)
 ParOldGen       total 61440K, used 13254K [0x00000000c0000000, 0x00000000c3c00000, 0x00000000eab00000)
  object space 61440K, 21% used [0x00000000c0000000,0x00000000c0cf18d8,0x00000000c3c00000)
 Metaspace       used 43213K, capacity 45138K, committed 45440K, reserved 1089536K
  class space    used 5275K, capacity 5650K, committed 5760K, reserved 1048576K
GC Heap History (10 events):
Event: 12.076 GC heap before
{Heap before GC invocations=11 (full 1):
 PSYoungGen      total 134656K, used 128512K [0x00000000eab00000, 0x00000000f8100000, 0x0000000100000000)
  eden space 128512K, 100% used [0x00000000eab00000,0x00000000f2880000,0x00000000f2880000)
  from space 6144K, 0% used [0x00000000f2880000,0x00000000f2880000,0x00000000f2e80000)
  to   space 6656K, 0% used [0x00000000f7a80000,0x00000000f7a80000,0x00000000f8100000)
 ParOldGen       total 38912K, used 9813K [0x00000000c0000000, 0x00000000c2600000, 0x00000000eab00000)
  object space 38912K, 25% used [0x00000000c0000000,0x00000000c0995780,0x00000000c2600000)
 Metaspace       used 24422K, capacity 25696K, committed 25728K, reserved 1071104K
  class space    used 2942K, capacity 3184K, committed 3200K, reserved 1048576K
Event: 12.126 GC heap after
Heap after GC invocations=11 (full 1):
 PSYoungGen      total 162304K, used 4718K [0x00000000eab00000, 0x00000000f7f80000, 0x0000000100000000)
  eden space 157184K, 0% used [0x00000000eab00000,0x00000000eab00000,0x00000000f4480000)
  from space 5120K, 92% used [0x00000000f7a80000,0x00000000f7f1ba78,0x00000000f7f80000)
  to   space 6656K, 0% used [0x00000000f7280000,0x00000000f7280000,0x00000000f7900000)
 ParOldGen       total 38912K, used 9821K [0x00000000c0000000, 0x00000000c2600000, 0x00000000eab00000)
  object space 38912K, 25% used [0x00000000c0000000,0x00000000c0997780,0x00000000c2600000)
 Metaspace       used 24422K, capacity 25696K, committed 25728K, reserved 1071104K
  class space    used 2942K, capacity 3184K, committed 3200K, reserved 1048576K
}
Event: 14.549 GC heap before
{Heap before GC invocations=12 (full 1):
 PSYoungGen      total 162304K, used 161902K [0x00000000eab00000, 0x00000000f7f80000, 0x0000000100000000)
  eden space 157184K, 100% used [0x00000000eab00000,0x00000000f4480000,0x00000000f4480000)
  from space 5120K, 92% used [0x00000000f7a80000,0x00000000f7f1ba78,0x00000000f7f80000)
  to   space 6656K, 0% used [0x00000000f7280000,0x00000000f7280000,0x00000000f7900000)
 ParOldGen       total 38912K, used 9821K [0x00000000c0000000, 0x00000000c2600000, 0x00000000eab00000)
  object space 38912K, 25% used [0x00000000c0000000,0x00000000c0997780,0x00000000c2600000)
 Metaspace       used 28940K, capacity 30236K, committed 30336K, reserved 1075200K
  class space    used 3409K, capacity 3670K, committed 3712K, reserved 1048576K
Event: 14.587 GC heap after
Heap after GC invocations=12 (full 1):
 PSYoungGen      total 194048K, used 5303K [0x00000000eab00000, 0x00000000f7b00000, 0x0000000100000000)
  eden space 188416K, 0% used [0x00000000eab00000,0x00000000eab00000,0x00000000f6300000)
  from space 5632K, 94% used [0x00000000f7280000,0x00000000f77ade60,0x00000000f7800000)
  to   space 3072K, 0% used [0x00000000f7800000,0x00000000f7800000,0x00000000f7b00000)
 ParOldGen       total 38912K, used 9829K [0x00000000c0000000, 0x00000000c2600000, 0x00000000eab00000)
  object space 38912K, 25% used [0x00000000c0000000,0x00000000c0999780,0x00000000c2600000)
 Metaspace       used 28940K, capacity 30236K, committed 30336K, reserved 1075200K
  class space    used 3409K, capacity 3670K, committed 3712K, reserved 1048576K
}
Event: 17.498 GC heap before
{Heap before GC invocations=13 (full 1):
 PSYoungGen      total 194048K, used 130952K [0x00000000eab00000, 0x00000000f7b00000, 0x0000000100000000)
  eden space 188416K, 66% used [0x00000000eab00000,0x00000000f25b41a0,0x00000000f6300000)
  from space 5632K, 94% used [0x00000000f7280000,0x00000000f77ade60,0x00000000f7800000)
  to   space 3072K, 0% used [0x00000000f7800000,0x00000000f7800000,0x00000000f7b00000)
 ParOldGen       total 38912K, used 9829K [0x00000000c0000000, 0x00000000c2600000, 0x00000000eab00000)
  object space 38912K, 25% used [0x00000000c0000000,0x00000000c0999780,0x00000000c2600000)
 Metaspace       used 33929K, capacity 35206K, committed 35416K, reserved 1081344K
  class space    used 4042K, capacity 4293K, committed 4352K, reserved 1048576K
Event: 17.547 GC heap after
Heap after GC invocations=13 (full 1):
 PSYoungGen      total 206336K, used 3048K [0x00000000eab00000, 0x00000000f9100000, 0x0000000100000000)
  eden space 203264K, 0% used [0x00000000eab00000,0x00000000eab00000,0x00000000f7180000)
  from space 3072K, 99% used [0x00000000f7800000,0x00000000f7afa238,0x00000000f7b00000)
  to   space 6656K, 0% used [0x00000000f7180000,0x00000000f7180000,0x00000000f7800000)
 ParOldGen       total 38912K, used 11167K [0x00000000c0000000, 0x00000000c2600000, 0x00000000eab00000)
  object space 38912K, 28% used [0x00000000c0000000,0x00000000c0ae7fc0,0x00000000c2600000)
 Metaspace       used 33929K, capacity 35206K, committed 35416K, reserved 1081344K
  class space    used 4042K, capacity 4293K, committed 4352K, reserved 1048576K
}
Event: 17.547 GC heap before
{Heap before GC invocations=14 (full 2):
 PSYoungGen      total 206336K, used 3048K [0x00000000eab00000, 0x00000000f9100000, 0x0000000100000000)
  eden space 203264K, 0% used [0x00000000eab00000,0x00000000eab00000,0x00000000f7180000)
  from space 3072K, 99% used [0x00000000f7800000,0x00000000f7afa238,0x00000000f7b00000)
  to   space 6656K, 0% used [0x00000000f7180000,0x00000000f7180000,0x00000000f7800000)
 ParOldGen       total 38912K, used 11167K [0x00000000c0000000, 0x00000000c2600000, 0x00000000eab00000)
  object space 38912K, 28% used [0x00000000c0000000,0x00000000c0ae7fc0,0x00000000c2600000)
 Metaspace       used 33929K, capacity 35206K, committed 35416K, reserved 1081344K
  class space    used 4042K, capacity 4293K, committed 4352K, reserved 1048576K
Event: 17.793 GC heap after
Heap after GC invocations=14 (full 2):
 PSYoungGen      total 206336K, used 0K [0x00000000eab00000, 0x00000000f9100000, 0x0000000100000000)
  eden space 203264K, 0% used [0x00000000eab00000,0x00000000eab00000,0x00000000f7180000)
  from space 3072K, 0% used [0x00000000f7800000,0x00000000f7800000,0x00000000f7b00000)
  to   space 6656K, 0% used [0x00000000f7180000,0x00000000f7180000,0x00000000f7800000)
 ParOldGen       total 61440K, used 13246K [0x00000000c0000000, 0x00000000c3c00000, 0x00000000eab00000)
  object space 61440K, 21% used [0x00000000c0000000,0x00000000c0cef8d8,0x00000000c3c00000)
 Metaspace       used 33929K, capacity 35206K, committed 35416K, reserved 1081344K
  class space    used 4042K, capacity 4293K, committed 4352K, reserved 1048576K
}
Event: 23.330 GC heap before
{Heap before GC invocations=15 (full 2):
 PSYoungGen      total 206336K, used 203264K [0x00000000eab00000, 0x00000000f9100000, 0x0000000100000000)
  eden space 203264K, 100% used [0x00000000eab00000,0x00000000f7180000,0x00000000f7180000)
  from space 3072K, 0% used [0x00000000f7800000,0x00000000f7800000,0x00000000f7b00000)
  to   space 6656K, 0% used [0x00000000f7180000,0x00000000f7180000,0x00000000f7800000)
 ParOldGen       total 61440K, used 13246K [0x00000000c0000000, 0x00000000c3c00000, 0x00000000eab00000)
  object space 61440K, 21% used [0x00000000c0000000,0x00000000c0cef8d8,0x00000000c3c00000)
 Metaspace       used 42608K, capacity 44460K, committed 44800K, reserved 1089536K
  class space    used 5201K, capacity 5547K, committed 5632K, reserved 1048576K
Event: 23.425 GC heap after
Heap after GC invocations=15 (full 2):
 PSYoungGen      total 209920K, used 5922K [0x00000000eab00000, 0x00000000fa300000, 0x0000000100000000)
  eden space 203264K, 0% used [0x00000000eab00000,0x00000000eab00000,0x00000000f7180000)
  from space 6656K, 88% used [0x00000000f7180000,0x00000000f7748a00,0x00000000f7800000)
  to   space 7168K, 0% used [0x00000000f9c00000,0x00000000f9c00000,0x00000000fa300000)
 ParOldGen       total 61440K, used 13254K [0x00000000c0000000, 0x00000000c3c00000, 0x00000000eab00000)
  object space 61440K, 21% used [0x00000000c0000000,0x00000000c0cf18d8,0x00000000c3c00000)
 Metaspace       used 42608K, capacity 44460K, committed 44800K, reserved 1089536K
  class space    used 5201K, capacity 5547K, committed 5632K, reserved 1048576K
}

